<?xml version="1.0" encoding="UTF-8"?>
<testng-results ignored="0" total="1" passed="1" failed="0" skipped="0">
  <reporter-output>
  </reporter-output>
  <suite started-at="2023-10-24T11:44:15 WAT" name="Surefire suite" finished-at="2023-10-24T11:44:15 WAT" duration-ms="13">
    <groups>
    </groups>
    <test started-at="2023-10-24T11:44:15 WAT" name="Surefire test" finished-at="2023-10-24T11:44:15 WAT" duration-ms="13">
      <class name="com.example.AppTest">
        <test-method signature="shouldAnswerWithTrue()" started-at="2023-10-24T11:44:15 WAT" name="shouldAnswerWithTrue" finished-at="2023-10-24T11:44:15 WAT" duration-ms="1" status="PASS">
          <reporter-output>
          </reporter-output>
        </test-method> <!-- shouldAnswerWithTrue -->
      </class> <!-- com.example.AppTest -->
    </test> <!-- Surefire test -->
  </suite> <!-- Surefire suite -->
</testng-results>
